WARNING : Using CLI version 2.32.0 but project's `requirements.txt`
WARNING : is configured to use 2.36.0. Consider either installing
WARNING : CLI version 2.36.0 or running `pretext update`
WARNING : to update `requirements.txt` and other managed files to match 2.32.0.
INFO    : Building target web
INFO    : XSL conversion of /home/runner/work/dsbook-part-1/dsbook-part-1/source/main.ptx by /home/runner/.ptx/2.32.0/core/xsl/utilities/pretext-enhanced-source.xsl
INFO    : successful application of /home/runner/.ptx/2.32.0/core/xsl/utilities/pretext-enhanced-source.xsl
INFO    : Generating any needed assets.
INFO    : XSL conversion of /home/runner/work/dsbook-part-1/dsbook-part-1/source/main.ptx by /home/runner/.ptx/2.32.0/core/xsl/utilities/pretext-enhanced-source.xsl
INFO    : successful application of /home/runner/.ptx/2.32.0/core/xsl/utilities/pretext-enhanced-source.xsl
INFO    : XSL conversion of /home/runner/work/dsbook-part-1/dsbook-part-1/source/main.ptx by /home/runner/.ptx/2.32.0/core/xsl/utilities/pretext-enhanced-source.xsl
INFO    : successful application of /home/runner/.ptx/2.32.0/core/xsl/utilities/pretext-enhanced-source.xsl
INFO    : XSL conversion of /home/runner/work/dsbook-part-1/dsbook-part-1/source/main.ptx by /home/runner/.ptx/2.32.0/core/xsl/utilities/pretext-enhanced-source.xsl
INFO    : successful application of /home/runner/.ptx/2.32.0/core/xsl/utilities/pretext-enhanced-source.xsl
INFO    : XSL conversion of /home/runner/work/dsbook-part-1/dsbook-part-1/source/main.ptx by /home/runner/.ptx/2.32.0/core/xsl/utilities/pretext-enhanced-source.xsl
INFO    : successful application of /home/runner/.ptx/2.32.0/core/xsl/utilities/pretext-enhanced-source.xsl
INFO    : XSL conversion of /home/runner/work/dsbook-part-1/dsbook-part-1/source/main.ptx by /home/runner/.ptx/2.32.0/core/xsl/utilities/pretext-enhanced-source.xsl
INFO    : successful application of /home/runner/.ptx/2.32.0/core/xsl/utilities/pretext-enhanced-source.xsl
INFO    : XSL conversion of /home/runner/work/dsbook-part-1/dsbook-part-1/source/main.ptx by /home/runner/.ptx/2.32.0/core/xsl/utilities/pretext-enhanced-source.xsl
INFO    : successful application of /home/runner/.ptx/2.32.0/core/xsl/utilities/pretext-enhanced-source.xsl
INFO    : XSL conversion of /home/runner/work/dsbook-part-1/dsbook-part-1/source/main.ptx by /home/runner/.ptx/2.32.0/core/xsl/utilities/pretext-enhanced-source.xsl
INFO    : successful application of /home/runner/.ptx/2.32.0/core/xsl/utilities/pretext-enhanced-source.xsl
INFO    : XSL conversion of /home/runner/work/dsbook-part-1/dsbook-part-1/source/main.ptx by /home/runner/.ptx/2.32.0/core/xsl/utilities/pretext-enhanced-source.xsl
INFO    : successful application of /home/runner/.ptx/2.32.0/core/xsl/utilities/pretext-enhanced-source.xsl
INFO    : XSL conversion of /home/runner/work/dsbook-part-1/dsbook-part-1/source/main.ptx by /home/runner/.ptx/2.32.0/core/xsl/utilities/pretext-enhanced-source.xsl
INFO    : successful application of /home/runner/.ptx/2.32.0/core/xsl/utilities/pretext-enhanced-source.xsl
INFO    : XSL conversion of /home/runner/work/dsbook-part-1/dsbook-part-1/source/main.ptx by /home/runner/.ptx/2.32.0/core/xsl/utilities/pretext-enhanced-source.xsl
INFO    : successful application of /home/runner/.ptx/2.32.0/core/xsl/utilities/pretext-enhanced-source.xsl
INFO    : XSL conversion of /home/runner/work/dsbook-part-1/dsbook-part-1/source/main.ptx by /home/runner/.ptx/2.32.0/core/xsl/utilities/pretext-enhanced-source.xsl
INFO    : successful application of /home/runner/.ptx/2.32.0/core/xsl/utilities/pretext-enhanced-source.xsl
INFO    : XSL conversion of /home/runner/work/dsbook-part-1/dsbook-part-1/source/main.ptx by /home/runner/.ptx/2.32.0/core/xsl/utilities/pretext-enhanced-source.xsl
INFO    : successful application of /home/runner/.ptx/2.32.0/core/xsl/utilities/pretext-enhanced-source.xsl
INFO    : XSL conversion of /home/runner/work/dsbook-part-1/dsbook-part-1/source/main.ptx by /home/runner/.ptx/2.32.0/core/xsl/utilities/pretext-enhanced-source.xsl
INFO    : successful application of /home/runner/.ptx/2.32.0/core/xsl/utilities/pretext-enhanced-source.xsl
INFO    : XSL conversion of /home/runner/work/dsbook-part-1/dsbook-part-1/source/main.ptx by /home/runner/.ptx/2.32.0/core/xsl/utilities/pretext-enhanced-source.xsl
INFO    : successful application of /home/runner/.ptx/2.32.0/core/xsl/utilities/pretext-enhanced-source.xsl
INFO    : XSL conversion of /home/runner/work/dsbook-part-1/dsbook-part-1/source/main.ptx by /home/runner/.ptx/2.32.0/core/xsl/utilities/pretext-enhanced-source.xsl
INFO    : successful application of /home/runner/.ptx/2.32.0/core/xsl/utilities/pretext-enhanced-source.xsl
INFO    : XSL conversion of /home/runner/work/dsbook-part-1/dsbook-part-1/source/main.ptx by /home/runner/.ptx/2.32.0/core/xsl/utilities/pretext-enhanced-source.xsl
INFO    : successful application of /home/runner/.ptx/2.32.0/core/xsl/utilities/pretext-enhanced-source.xsl
INFO    : XSL conversion of /home/runner/work/dsbook-part-1/dsbook-part-1/source/main.ptx by /home/runner/.ptx/2.32.0/core/xsl/utilities/pretext-enhanced-source.xsl
INFO    : successful application of /home/runner/.ptx/2.32.0/core/xsl/utilities/pretext-enhanced-source.xsl
INFO    : Finished generating assets.

INFO    : Preparing to build into /home/runner/work/dsbook-part-1/dsbook-part-1/output/web.
INFO    : discovering source file's directory name: /home/runner/work/dsbook-part-1/dsbook-part-1/source
INFO    : verifying and expanding input directory: /home/runner/work/dsbook-part-1/dsbook-part-1/source/../generated-assets
INFO    : input directory expanded to absolute path: /home/runner/work/dsbook-part-1/dsbook-part-1/generated-assets
INFO    : verifying and expanding input directory: /home/runner/work/dsbook-part-1/dsbook-part-1/source/../assets
INFO    : input directory expanded to absolute path: /home/runner/work/dsbook-part-1/dsbook-part-1/assets
INFO    : discovering source file's directory name: /home/runner/work/dsbook-part-1/dsbook-part-1/source
INFO    : XSL conversion of /home/runner/work/dsbook-part-1/dsbook-part-1/source/main.ptx by /home/runner/.ptx/2.32.0/core/xsl/utilities/report-publisher-variables.xsl
INFO    : successful application of /home/runner/.ptx/2.32.0/core/xsl/utilities/report-publisher-variables.xsl
INFO    : Downloading rs services file from https://runestone.academy/cdn/runestone/latest/webpack_static_imports.xml.
WARNING : Could not download rs services file from https://runestone.academy/cdn/runestone/latest/webpack_static_imports.xml.  Using cached version instead.
CRITICAL: cannot access local variable 'services_xml' where it is not associated with a value
INFO    : ------------------------
CRITICAL: Failed to build without errors.  Exiting...
INFO    : 
----------------------------------------------------
INFO    : While running pretext, the following errors occurred:

INFO    : (see log messages above or in the 'logs' folder for more information)
INFO    : ----------------------------------------------------
